<?xml version="1.0" encoding="UTF-8"?>
<testsuite name="games.gameOfFifteen.TestGameOfFifteenInitializer" tests="2" skipped="0" failures="0" errors="0" timestamp="2020-08-21T03:18:53" hostname="MacBook-Air-Leonid.local" time="0.026">
  <properties/>
  <testcase name="testInitialPermutationIsEven" classname="games.gameOfFifteen.TestGameOfFifteenInitializer" time="0.023"/>
  <testcase name="testInitialPermutationIsNotTrivial" classname="games.gameOfFifteen.TestGameOfFifteenInitializer" time="0.002"/>
  <system-out><![CDATA[[14, 5, 8, 11, 12, 10, 7, 15, 13, 4, 1, 9, 2, 6, 3][1, 5, 11, 7, 8, 12, 6, 2, 13, 4, 3, 10, 14, 9, 15]]]></system-out>
  <system-err><![CDATA[]]></system-err>
</testsuite>
