<?xml version="1.0" encoding="UTF-8"?>
<testsuite name="games.game2048.TestGame2048Initializer" tests="5" skipped="0" failures="0" errors="0" timestamp="2020-08-21T03:18:52" hostname="MacBook-Air-Leonid.local" time="0.022">
  <properties/>
  <testcase name="test0" classname="games.game2048.TestGame2048Initializer" time="0.001"/>
  <testcase name="test1" classname="games.game2048.TestGame2048Initializer" time="0.019"/>
  <testcase name="test2" classname="games.game2048.TestGame2048Initializer" time="0.001"/>
  <testcase name="test3" classname="games.game2048.TestGame2048Initializer" time="0.0"/>
  <testcase name="test4" classname="games.game2048.TestGame2048Initializer" time="0.001"/>
  <system-out><![CDATA[]]></system-out>
  <system-err><![CDATA[]]></system-err>
</testsuite>
